2021-02-01 14:16:37,972 WARN  [SoapUI] Missing folder [C:\Users\hmisri\workspace2\tibco.bw.sample.binding.rest.Basic.parent\ext] for external libraries
2021-02-01 14:16:38,169 INFO  [DefaultSoapUICore] initialized soapui-settings from [C:\Users\hmisri\soapui-settings.xml]
2021-02-01 14:16:39,068 ERROR [SoapUI] An error occurred [The plugin 'C:\Users\hmisri\.soapuios\plugins\ready-uxm-plugin-os-1.0.3.jar' has unsigned class files.], see error log for details
2021-02-01 14:16:39,068 ERROR [errorlog] java.lang.SecurityException: The plugin 'C:\Users\hmisri\.soapuios\plugins\ready-uxm-plugin-os-1.0.3.jar' has unsigned class files.
java.lang.SecurityException: The plugin 'C:\Users\hmisri\.soapuios\plugins\ready-uxm-plugin-os-1.0.3.jar' has unsigned class files.
	at com.eviware.soapui.plugins.ProductBodyguard$JarVerifier.verify(ProductBodyguard.java:107)
	at com.eviware.soapui.plugins.ProductBodyguard.isKnown(ProductBodyguard.java:39)
	at com.eviware.soapui.plugins.PluginManager.loadPlugins(PluginManager.java:93)
	at com.eviware.soapui.DefaultSoapUICore.loadPlugins(DefaultSoapUICore.java:155)
	at com.eviware.soapui.DefaultSoapUICore.init(DefaultSoapUICore.java:133)
	at com.eviware.soapui.DefaultSoapUICore.<init>(DefaultSoapUICore.java:120)
	at com.eviware.soapui.tools.AbstractSoapUIRunner.createSoapUICore(AbstractSoapUIRunner.java:218)
	at com.eviware.soapui.tools.AbstractSoapUIRunner.run(AbstractSoapUIRunner.java:194)
	at com.eviware.soapui.maven2.TestMojo.execute(TestMojo.java:117)
	at org.apache.maven.plugin.DefaultBuildPluginManager.executeMojo(DefaultBuildPluginManager.java:134)
	at org.apache.maven.lifecycle.internal.MojoExecutor.execute(MojoExecutor.java:208)
	at org.apache.maven.lifecycle.internal.MojoExecutor.execute(MojoExecutor.java:153)
	at org.apache.maven.lifecycle.internal.MojoExecutor.execute(MojoExecutor.java:145)
	at org.apache.maven.lifecycle.internal.LifecycleModuleBuilder.buildProject(LifecycleModuleBuilder.java:116)
	at org.apache.maven.lifecycle.internal.LifecycleModuleBuilder.buildProject(LifecycleModuleBuilder.java:80)
	at org.apache.maven.lifecycle.internal.builder.singlethreaded.SingleThreadedBuilder.build(SingleThreadedBuilder.java:51)
	at org.apache.maven.lifecycle.internal.LifecycleStarter.execute(LifecycleStarter.java:128)
	at org.apache.maven.DefaultMaven.doExecute(DefaultMaven.java:307)
	at org.apache.maven.DefaultMaven.doExecute(DefaultMaven.java:193)
	at org.apache.maven.DefaultMaven.execute(DefaultMaven.java:106)
	at org.apache.maven.cli.MavenCli.execute(MavenCli.java:862)
	at org.apache.maven.cli.MavenCli.doMain(MavenCli.java:286)
	at org.apache.maven.cli.MavenCli.main(MavenCli.java:197)
	at sun.reflect.NativeMethodAccessorImpl.invoke0(Native Method)
	at sun.reflect.NativeMethodAccessorImpl.invoke(NativeMethodAccessorImpl.java:62)
	at sun.reflect.DelegatingMethodAccessorImpl.invoke(DelegatingMethodAccessorImpl.java:43)
	at java.lang.reflect.Method.invoke(Method.java:498)
	at org.codehaus.plexus.classworlds.launcher.Launcher.launchEnhanced(Launcher.java:289)
	at org.codehaus.plexus.classworlds.launcher.Launcher.launch(Launcher.java:229)
	at org.codehaus.plexus.classworlds.launcher.Launcher.mainWithExitCode(Launcher.java:415)
	at org.codehaus.plexus.classworlds.launcher.Launcher.main(Launcher.java:356)
2021-02-01 14:16:39,070 WARN  [SoapUI] Plugin 'ready-uxm-plugin-os-1.0.3.jar' is not loaded because it hasn't been signed by SmartBear Software.
2021-02-01 14:16:39,474 INFO  [PluginManager] Adding plugin from [C:\Users\hmisri\.soapuios\plugins\readyapi-postman-1.0.1.jar]
2021-02-01 14:16:39,474 INFO  [PluginManager] Adding plugin from [C:\Users\hmisri\.soapuios\plugins\soapui-swagger-plugin-2.2-dist.jar]
2021-02-01 14:16:40,232 ERROR [SoapUI] An error occurred [com.eviware.soapui.plugins.auto.factories.AutoDiscoveryMethodFactory], see error log for details
2021-02-01 14:16:40,232 ERROR [errorlog] java.lang.ClassNotFoundException: com.eviware.soapui.plugins.auto.factories.AutoDiscoveryMethodFactory
java.lang.ClassNotFoundException: com.eviware.soapui.plugins.auto.factories.AutoDiscoveryMethodFactory
	at org.codehaus.plexus.classworlds.strategy.SelfFirstStrategy.loadClass(SelfFirstStrategy.java:50)
	at org.codehaus.plexus.classworlds.realm.ClassRealm.unsynchronizedLoadClass(ClassRealm.java:271)
	at org.codehaus.plexus.classworlds.realm.ClassRealm.loadClass(ClassRealm.java:247)
	at org.codehaus.plexus.classworlds.realm.ClassRealm.loadClass(ClassRealm.java:239)
	at java.lang.Class.forName0(Native Method)
	at java.lang.Class.forName(Class.java:264)
	at com.eviware.soapui.plugins.LoaderBase.loadAutoFactories(LoaderBase.java:96)
	at com.eviware.soapui.plugins.LoaderBase.loadFactories(LoaderBase.java:64)
	at com.eviware.soapui.plugins.PluginLoader.loadPluginFactories(PluginLoader.java:129)
	at com.eviware.soapui.plugins.PluginLoader.loadPlugin(PluginLoader.java:92)
	at com.eviware.soapui.plugins.PluginLoader.loadPlugin(PluginLoader.java:42)
	at com.eviware.soapui.plugins.PluginManager.doInstallPlugin(PluginManager.java:136)
	at com.eviware.soapui.plugins.PluginManager.access$600(PluginManager.java:38)
	at com.eviware.soapui.plugins.PluginManager$LoadPluginsTask.computeSequentially(PluginManager.java:415)
	at com.eviware.soapui.plugins.PluginManager$LoadPluginsTask.compute(PluginManager.java:372)
	at com.eviware.soapui.plugins.PluginManager$LoadPluginsTask.compute(PluginManager.java:377)
	at com.eviware.soapui.plugins.PluginManager$LoadPluginsTask.compute(PluginManager.java:360)
	at java.util.concurrent.RecursiveTask.exec(RecursiveTask.java:94)
	at java.util.concurrent.ForkJoinTask.doExec(ForkJoinTask.java:289)
	at java.util.concurrent.ForkJoinPool$WorkQueue.runTask(ForkJoinPool.java:1056)
	at java.util.concurrent.ForkJoinPool.runWorker(ForkJoinPool.java:1692)
	at java.util.concurrent.ForkJoinWorkerThread.run(ForkJoinWorkerThread.java:157)
2021-02-01 14:16:40,238 ERROR [SoapUI] An error occurred [com.eviware.soapui.plugins.auto.factories.AutoImportMethodFactory], see error log for details
2021-02-01 14:16:40,238 ERROR [errorlog] java.lang.ClassNotFoundException: com.eviware.soapui.plugins.auto.factories.AutoImportMethodFactory
java.lang.ClassNotFoundException: com.eviware.soapui.plugins.auto.factories.AutoImportMethodFactory
	at org.codehaus.plexus.classworlds.strategy.SelfFirstStrategy.loadClass(SelfFirstStrategy.java:50)
	at org.codehaus.plexus.classworlds.realm.ClassRealm.unsynchronizedLoadClass(ClassRealm.java:271)
	at org.codehaus.plexus.classworlds.realm.ClassRealm.loadClass(ClassRealm.java:247)
	at org.codehaus.plexus.classworlds.realm.ClassRealm.loadClass(ClassRealm.java:239)
	at java.lang.Class.forName0(Native Method)
	at java.lang.Class.forName(Class.java:264)
	at com.eviware.soapui.plugins.LoaderBase.loadAutoFactories(LoaderBase.java:96)
	at com.eviware.soapui.plugins.LoaderBase.loadFactories(LoaderBase.java:64)
	at com.eviware.soapui.plugins.PluginLoader.loadPluginFactories(PluginLoader.java:129)
	at com.eviware.soapui.plugins.PluginLoader.loadPlugin(PluginLoader.java:92)
	at com.eviware.soapui.plugins.PluginLoader.loadPlugin(PluginLoader.java:42)
	at com.eviware.soapui.plugins.PluginManager.doInstallPlugin(PluginManager.java:136)
	at com.eviware.soapui.plugins.PluginManager.access$600(PluginManager.java:38)
	at com.eviware.soapui.plugins.PluginManager$LoadPluginsTask.computeSequentially(PluginManager.java:415)
	at com.eviware.soapui.plugins.PluginManager$LoadPluginsTask.compute(PluginManager.java:372)
	at com.eviware.soapui.plugins.PluginManager$LoadPluginsTask.compute(PluginManager.java:377)
	at com.eviware.soapui.plugins.PluginManager$LoadPluginsTask.compute(PluginManager.java:360)
	at java.util.concurrent.RecursiveTask.exec(RecursiveTask.java:94)
	at java.util.concurrent.ForkJoinTask.doExec(ForkJoinTask.java:289)
	at java.util.concurrent.ForkJoinPool$WorkQueue.runTask(ForkJoinPool.java:1056)
	at java.util.concurrent.ForkJoinPool.runWorker(ForkJoinPool.java:1692)
	at java.util.concurrent.ForkJoinWorkerThread.run(ForkJoinWorkerThread.java:157)
2021-02-01 14:16:40,251 INFO  [PluginManager] Adding plugin from [C:\Users\hmisri\.soapuios\plugins\ready-mqtt-plugin-dist.jar]
2021-02-01 14:16:40,402 ERROR [SoapUI] An error occurred [com.eviware.soapui.plugins.auto.factories.AutoDiscoveryMethodFactory], see error log for details
2021-02-01 14:16:40,402 ERROR [errorlog] java.lang.ClassNotFoundException: com.eviware.soapui.plugins.auto.factories.AutoDiscoveryMethodFactory
java.lang.ClassNotFoundException: com.eviware.soapui.plugins.auto.factories.AutoDiscoveryMethodFactory
	at org.codehaus.plexus.classworlds.strategy.SelfFirstStrategy.loadClass(SelfFirstStrategy.java:50)
	at org.codehaus.plexus.classworlds.realm.ClassRealm.unsynchronizedLoadClass(ClassRealm.java:271)
	at org.codehaus.plexus.classworlds.realm.ClassRealm.loadClass(ClassRealm.java:247)
	at org.codehaus.plexus.classworlds.realm.ClassRealm.loadClass(ClassRealm.java:239)
	at java.lang.Class.forName0(Native Method)
	at java.lang.Class.forName(Class.java:264)
	at com.eviware.soapui.plugins.LoaderBase.loadAutoFactories(LoaderBase.java:96)
	at com.eviware.soapui.plugins.LoaderBase.loadFactories(LoaderBase.java:64)
	at com.eviware.soapui.plugins.PluginLoader.loadPluginFactories(PluginLoader.java:129)
	at com.eviware.soapui.plugins.PluginLoader.loadPlugin(PluginLoader.java:92)
	at com.eviware.soapui.plugins.PluginLoader.loadPlugin(PluginLoader.java:42)
	at com.eviware.soapui.plugins.PluginManager.doInstallPlugin(PluginManager.java:136)
	at com.eviware.soapui.plugins.PluginManager.access$600(PluginManager.java:38)
	at com.eviware.soapui.plugins.PluginManager$LoadPluginsTask.computeSequentially(PluginManager.java:415)
	at com.eviware.soapui.plugins.PluginManager$LoadPluginsTask.compute(PluginManager.java:372)
	at com.eviware.soapui.plugins.PluginManager$LoadPluginsTask.compute(PluginManager.java:360)
	at java.util.concurrent.RecursiveTask.exec(RecursiveTask.java:94)
	at java.util.concurrent.ForkJoinTask.doExec(ForkJoinTask.java:289)
	at java.util.concurrent.ForkJoinPool$WorkQueue.runTask(ForkJoinPool.java:1056)
	at java.util.concurrent.ForkJoinPool.runWorker(ForkJoinPool.java:1692)
	at java.util.concurrent.ForkJoinWorkerThread.run(ForkJoinWorkerThread.java:157)
2021-02-01 14:16:40,402 ERROR [SoapUI] An error occurred [com.eviware.soapui.plugins.auto.factories.AutoImportMethodFactory], see error log for details
2021-02-01 14:16:40,403 ERROR [errorlog] java.lang.ClassNotFoundException: com.eviware.soapui.plugins.auto.factories.AutoImportMethodFactory
java.lang.ClassNotFoundException: com.eviware.soapui.plugins.auto.factories.AutoImportMethodFactory
	at org.codehaus.plexus.classworlds.strategy.SelfFirstStrategy.loadClass(SelfFirstStrategy.java:50)
	at org.codehaus.plexus.classworlds.realm.ClassRealm.unsynchronizedLoadClass(ClassRealm.java:271)
	at org.codehaus.plexus.classworlds.realm.ClassRealm.loadClass(ClassRealm.java:247)
	at org.codehaus.plexus.classworlds.realm.ClassRealm.loadClass(ClassRealm.java:239)
	at java.lang.Class.forName0(Native Method)
	at java.lang.Class.forName(Class.java:264)
	at com.eviware.soapui.plugins.LoaderBase.loadAutoFactories(LoaderBase.java:96)
	at com.eviware.soapui.plugins.LoaderBase.loadFactories(LoaderBase.java:64)
	at com.eviware.soapui.plugins.PluginLoader.loadPluginFactories(PluginLoader.java:129)
	at com.eviware.soapui.plugins.PluginLoader.loadPlugin(PluginLoader.java:92)
	at com.eviware.soapui.plugins.PluginLoader.loadPlugin(PluginLoader.java:42)
	at com.eviware.soapui.plugins.PluginManager.doInstallPlugin(PluginManager.java:136)
	at com.eviware.soapui.plugins.PluginManager.access$600(PluginManager.java:38)
	at com.eviware.soapui.plugins.PluginManager$LoadPluginsTask.computeSequentially(PluginManager.java:415)
	at com.eviware.soapui.plugins.PluginManager$LoadPluginsTask.compute(PluginManager.java:372)
	at com.eviware.soapui.plugins.PluginManager$LoadPluginsTask.compute(PluginManager.java:360)
	at java.util.concurrent.RecursiveTask.exec(RecursiveTask.java:94)
	at java.util.concurrent.ForkJoinTask.doExec(ForkJoinTask.java:289)
	at java.util.concurrent.ForkJoinPool$WorkQueue.runTask(ForkJoinPool.java:1056)
	at java.util.concurrent.ForkJoinPool.runWorker(ForkJoinPool.java:1692)
	at java.util.concurrent.ForkJoinWorkerThread.run(ForkJoinWorkerThread.java:157)
2021-02-01 14:16:40,706 ERROR [SoapUI] An error occurred [com.eviware.soapui.plugins.auto.factories.AutoDiscoveryMethodFactory], see error log for details
2021-02-01 14:16:40,706 ERROR [errorlog] java.lang.ClassNotFoundException: com.eviware.soapui.plugins.auto.factories.AutoDiscoveryMethodFactory
java.lang.ClassNotFoundException: com.eviware.soapui.plugins.auto.factories.AutoDiscoveryMethodFactory
	at org.codehaus.plexus.classworlds.strategy.SelfFirstStrategy.loadClass(SelfFirstStrategy.java:50)
	at org.codehaus.plexus.classworlds.realm.ClassRealm.unsynchronizedLoadClass(ClassRealm.java:271)
	at org.codehaus.plexus.classworlds.realm.ClassRealm.loadClass(ClassRealm.java:247)
	at org.codehaus.plexus.classworlds.realm.ClassRealm.loadClass(ClassRealm.java:239)
	at java.lang.Class.forName0(Native Method)
	at java.lang.Class.forName(Class.java:264)
	at com.eviware.soapui.plugins.LoaderBase.loadAutoFactories(LoaderBase.java:96)
	at com.eviware.soapui.plugins.LoaderBase.loadFactories(LoaderBase.java:64)
	at com.eviware.soapui.plugins.PluginLoader.loadPluginFactories(PluginLoader.java:129)
	at com.eviware.soapui.plugins.PluginLoader.loadPlugin(PluginLoader.java:92)
	at com.eviware.soapui.plugins.PluginLoader.loadPlugin(PluginLoader.java:42)
	at com.eviware.soapui.plugins.PluginManager.doInstallPlugin(PluginManager.java:136)
	at com.eviware.soapui.plugins.PluginManager.access$600(PluginManager.java:38)
	at com.eviware.soapui.plugins.PluginManager$LoadPluginsTask.computeSequentially(PluginManager.java:415)
	at com.eviware.soapui.plugins.PluginManager$LoadPluginsTask.compute(PluginManager.java:372)
	at com.eviware.soapui.plugins.PluginManager$LoadPluginsTask.compute(PluginManager.java:377)
	at com.eviware.soapui.plugins.PluginManager$LoadPluginsTask.compute(PluginManager.java:360)
	at java.util.concurrent.RecursiveTask.exec(RecursiveTask.java:94)
	at java.util.concurrent.ForkJoinTask.doExec(ForkJoinTask.java:289)
	at java.util.concurrent.ForkJoinPool$WorkQueue.runTask(ForkJoinPool.java:1056)
	at java.util.concurrent.ForkJoinPool.runWorker(ForkJoinPool.java:1692)
	at java.util.concurrent.ForkJoinWorkerThread.run(ForkJoinWorkerThread.java:157)
2021-02-01 14:16:40,713 ERROR [SoapUI] An error occurred [com.eviware.soapui.plugins.auto.factories.AutoImportMethodFactory], see error log for details
2021-02-01 14:16:40,713 ERROR [errorlog] java.lang.ClassNotFoundException: com.eviware.soapui.plugins.auto.factories.AutoImportMethodFactory
java.lang.ClassNotFoundException: com.eviware.soapui.plugins.auto.factories.AutoImportMethodFactory
	at org.codehaus.plexus.classworlds.strategy.SelfFirstStrategy.loadClass(SelfFirstStrategy.java:50)
	at org.codehaus.plexus.classworlds.realm.ClassRealm.unsynchronizedLoadClass(ClassRealm.java:271)
	at org.codehaus.plexus.classworlds.realm.ClassRealm.loadClass(ClassRealm.java:247)
	at org.codehaus.plexus.classworlds.realm.ClassRealm.loadClass(ClassRealm.java:239)
	at java.lang.Class.forName0(Native Method)
	at java.lang.Class.forName(Class.java:264)
	at com.eviware.soapui.plugins.LoaderBase.loadAutoFactories(LoaderBase.java:96)
	at com.eviware.soapui.plugins.LoaderBase.loadFactories(LoaderBase.java:64)
	at com.eviware.soapui.plugins.PluginLoader.loadPluginFactories(PluginLoader.java:129)
	at com.eviware.soapui.plugins.PluginLoader.loadPlugin(PluginLoader.java:92)
	at com.eviware.soapui.plugins.PluginLoader.loadPlugin(PluginLoader.java:42)
	at com.eviware.soapui.plugins.PluginManager.doInstallPlugin(PluginManager.java:136)
	at com.eviware.soapui.plugins.PluginManager.access$600(PluginManager.java:38)
	at com.eviware.soapui.plugins.PluginManager$LoadPluginsTask.computeSequentially(PluginManager.java:415)
	at com.eviware.soapui.plugins.PluginManager$LoadPluginsTask.compute(PluginManager.java:372)
	at com.eviware.soapui.plugins.PluginManager$LoadPluginsTask.compute(PluginManager.java:377)
	at com.eviware.soapui.plugins.PluginManager$LoadPluginsTask.compute(PluginManager.java:360)
	at java.util.concurrent.RecursiveTask.exec(RecursiveTask.java:94)
	at java.util.concurrent.ForkJoinTask.doExec(ForkJoinTask.java:289)
	at java.util.concurrent.ForkJoinPool$WorkQueue.runTask(ForkJoinPool.java:1056)
	at java.util.concurrent.ForkJoinPool.runWorker(ForkJoinPool.java:1692)
	at java.util.concurrent.ForkJoinWorkerThread.run(ForkJoinWorkerThread.java:157)
2021-02-01 14:16:40,716 INFO  [PluginManager] Adding plugin from [C:\Users\hmisri\.soapuios\plugins\readyapi-swaggerhub-plugin-1.0.jar]
2021-02-01 14:16:41,110 ERROR [SoapUI] An error occurred [com.eviware.soapui.plugins.auto.factories.AutoDiscoveryMethodFactory], see error log for details
2021-02-01 14:16:41,110 ERROR [errorlog] java.lang.ClassNotFoundException: com.eviware.soapui.plugins.auto.factories.AutoDiscoveryMethodFactory
java.lang.ClassNotFoundException: com.eviware.soapui.plugins.auto.factories.AutoDiscoveryMethodFactory
	at org.codehaus.plexus.classworlds.strategy.SelfFirstStrategy.loadClass(SelfFirstStrategy.java:50)
	at org.codehaus.plexus.classworlds.realm.ClassRealm.unsynchronizedLoadClass(ClassRealm.java:271)
	at org.codehaus.plexus.classworlds.realm.ClassRealm.loadClass(ClassRealm.java:247)
	at org.codehaus.plexus.classworlds.realm.ClassRealm.loadClass(ClassRealm.java:239)
	at java.lang.Class.forName0(Native Method)
	at java.lang.Class.forName(Class.java:264)
	at com.eviware.soapui.plugins.LoaderBase.loadAutoFactories(LoaderBase.java:96)
	at com.eviware.soapui.plugins.LoaderBase.loadFactories(LoaderBase.java:64)
	at com.eviware.soapui.plugins.PluginLoader.loadPluginFactories(PluginLoader.java:129)
	at com.eviware.soapui.plugins.PluginLoader.loadPlugin(PluginLoader.java:92)
	at com.eviware.soapui.plugins.PluginLoader.loadPlugin(PluginLoader.java:42)
	at com.eviware.soapui.plugins.PluginManager.doInstallPlugin(PluginManager.java:136)
	at com.eviware.soapui.plugins.PluginManager.access$600(PluginManager.java:38)
	at com.eviware.soapui.plugins.PluginManager$LoadPluginsTask.computeSequentially(PluginManager.java:415)
	at com.eviware.soapui.plugins.PluginManager$LoadPluginsTask.compute(PluginManager.java:372)
	at com.eviware.soapui.plugins.PluginManager$LoadPluginsTask.compute(PluginManager.java:377)
	at com.eviware.soapui.plugins.PluginManager$LoadPluginsTask.compute(PluginManager.java:360)
	at java.util.concurrent.RecursiveTask.exec(RecursiveTask.java:94)
	at java.util.concurrent.ForkJoinTask.doExec(ForkJoinTask.java:289)
	at java.util.concurrent.ForkJoinPool$WorkQueue.runTask(ForkJoinPool.java:1056)
	at java.util.concurrent.ForkJoinPool.runWorker(ForkJoinPool.java:1692)
	at java.util.concurrent.ForkJoinWorkerThread.run(ForkJoinWorkerThread.java:157)
2021-02-01 14:16:41,111 ERROR [SoapUI] An error occurred [com.eviware.soapui.plugins.auto.factories.AutoImportMethodFactory], see error log for details
2021-02-01 14:16:41,111 ERROR [errorlog] java.lang.ClassNotFoundException: com.eviware.soapui.plugins.auto.factories.AutoImportMethodFactory
java.lang.ClassNotFoundException: com.eviware.soapui.plugins.auto.factories.AutoImportMethodFactory
	at org.codehaus.plexus.classworlds.strategy.SelfFirstStrategy.loadClass(SelfFirstStrategy.java:50)
	at org.codehaus.plexus.classworlds.realm.ClassRealm.unsynchronizedLoadClass(ClassRealm.java:271)
	at org.codehaus.plexus.classworlds.realm.ClassRealm.loadClass(ClassRealm.java:247)
	at org.codehaus.plexus.classworlds.realm.ClassRealm.loadClass(ClassRealm.java:239)
	at java.lang.Class.forName0(Native Method)
	at java.lang.Class.forName(Class.java:264)
	at com.eviware.soapui.plugins.LoaderBase.loadAutoFactories(LoaderBase.java:96)
	at com.eviware.soapui.plugins.LoaderBase.loadFactories(LoaderBase.java:64)
	at com.eviware.soapui.plugins.PluginLoader.loadPluginFactories(PluginLoader.java:129)
	at com.eviware.soapui.plugins.PluginLoader.loadPlugin(PluginLoader.java:92)
	at com.eviware.soapui.plugins.PluginLoader.loadPlugin(PluginLoader.java:42)
	at com.eviware.soapui.plugins.PluginManager.doInstallPlugin(PluginManager.java:136)
	at com.eviware.soapui.plugins.PluginManager.access$600(PluginManager.java:38)
	at com.eviware.soapui.plugins.PluginManager$LoadPluginsTask.computeSequentially(PluginManager.java:415)
	at com.eviware.soapui.plugins.PluginManager$LoadPluginsTask.compute(PluginManager.java:372)
	at com.eviware.soapui.plugins.PluginManager$LoadPluginsTask.compute(PluginManager.java:377)
	at com.eviware.soapui.plugins.PluginManager$LoadPluginsTask.compute(PluginManager.java:360)
	at java.util.concurrent.RecursiveTask.exec(RecursiveTask.java:94)
	at java.util.concurrent.ForkJoinTask.doExec(ForkJoinTask.java:289)
	at java.util.concurrent.ForkJoinPool$WorkQueue.runTask(ForkJoinPool.java:1056)
	at java.util.concurrent.ForkJoinPool.runWorker(ForkJoinPool.java:1692)
	at java.util.concurrent.ForkJoinWorkerThread.run(ForkJoinWorkerThread.java:157)
2021-02-01 14:16:41,115 INFO  [PluginManager] 4 plugins loaded in 1643 ms
2021-02-01 14:16:41,115 INFO  [DefaultSoapUICore] All plugins loaded
2021-02-01 14:16:41,736 INFO  [WsdlProject] Loaded project from [file:/C:/Users/hmisri/workspace2/tibco.bw.sample.binding.rest.Basic.parent/tibco.bw.sample.binding.rest.Basic-soapui-project.xml]
2021-02-01 14:16:41,742 INFO  [SoapUITestCaseRunner] Running SoapUI tests in project [BooksService_gen1]
2021-02-01 14:16:41,743 INFO  [SoapUITestCaseRunner] Running Project [BooksService_gen1], runType = SEQUENTIAL
2021-02-01 14:16:41,757 INFO  [SoapUITestCaseRunner] Running SoapUI testcase [TestCase 1]
2021-02-01 14:16:41,776 INFO  [SoapUITestCaseRunner] running step [GetBooks - Request 1]
2021-02-01 14:16:42,211 INFO  [SchemaUtils] Added default schema from file:/C:/Users/hmisri/.m2/repository/com/smartbear/soapui/soapui/5.2.1/soapui-5.2.1.jar!/com/eviware/soapui/resources/xsds/xop.xsd with targetNamespace http://www.w3.org/2004/08/xop/include
2021-02-01 14:16:42,233 INFO  [SchemaUtils] Added default schema from file:/C:/Users/hmisri/.m2/repository/com/smartbear/soapui/soapui/5.2.1/soapui-5.2.1.jar!/com/eviware/soapui/resources/xsds/XMLSchema.xsd with targetNamespace http://www.w3.org/2001/XMLSchema
2021-02-01 14:16:42,233 INFO  [SchemaUtils] Added default schema from file:/C:/Users/hmisri/.m2/repository/com/smartbear/soapui/soapui/5.2.1/soapui-5.2.1.jar!/com/eviware/soapui/resources/xsds/xml.xsd with targetNamespace http://www.w3.org/XML/1998/namespace
2021-02-01 14:16:42,234 INFO  [SchemaUtils] Added default schema from file:/C:/Users/hmisri/.m2/repository/com/smartbear/soapui/soapui/5.2.1/soapui-5.2.1.jar!/com/eviware/soapui/resources/xsds/swaref.xsd with targetNamespace http://ws-i.org/profiles/basic/1.1/xsd
2021-02-01 14:16:42,235 INFO  [SchemaUtils] Added default schema from file:/C:/Users/hmisri/.m2/repository/com/smartbear/soapui/soapui/5.2.1/soapui-5.2.1.jar!/com/eviware/soapui/resources/xsds/xmime200505.xsd with targetNamespace http://www.w3.org/2005/05/xmlmime
2021-02-01 14:16:42,236 INFO  [SchemaUtils] Added default schema from file:/C:/Users/hmisri/.m2/repository/com/smartbear/soapui/soapui/5.2.1/soapui-5.2.1.jar!/com/eviware/soapui/resources/xsds/xmime200411.xsd with targetNamespace http://www.w3.org/2004/11/xmlmime
2021-02-01 14:16:42,237 INFO  [SchemaUtils] Added default schema from file:/C:/Users/hmisri/.m2/repository/com/smartbear/soapui/soapui/5.2.1/soapui-5.2.1.jar!/com/eviware/soapui/resources/xsds/soapEnvelope.xsd with targetNamespace http://schemas.xmlsoap.org/soap/envelope/
2021-02-01 14:16:42,240 INFO  [SchemaUtils] Added default schema from file:/C:/Users/hmisri/.m2/repository/com/smartbear/soapui/soapui/5.2.1/soapui-5.2.1.jar!/com/eviware/soapui/resources/xsds/soapEncoding.xsd with targetNamespace http://schemas.xmlsoap.org/soap/encoding/
2021-02-01 14:16:42,242 INFO  [SchemaUtils] Added default schema from file:/C:/Users/hmisri/.m2/repository/com/smartbear/soapui/soapui/5.2.1/soapui-5.2.1.jar!/com/eviware/soapui/resources/xsds/soapEnvelope12.xsd with targetNamespace http://www.w3.org/2003/05/soap-envelope
2021-02-01 14:16:42,246 INFO  [SchemaUtils] Added default schema from file:/C:/Users/hmisri/.m2/repository/com/smartbear/soapui/soapui/5.2.1/soapui-5.2.1.jar!/com/eviware/soapui/resources/xsds/soapEncoding12.xsd with targetNamespace http://www.w3.org/2003/05/soap-encoding
2021-02-01 14:16:42,247 INFO  [SchemaUtils] Loading schema types from [file:\C:\Users\hmisri\Desktop\BooksService_gen1.wsdl]
2021-02-01 14:16:42,247 INFO  [SchemaUtils] Getting schema file:\C:\Users\hmisri\Desktop\BooksService_gen1.wsdl
2021-02-01 14:16:42,433 INFO  [SoapUITestCaseRunner] Assertion [SOAP Response] has status VALID
2021-02-01 14:16:42,433 INFO  [SoapUITestCaseRunner] Assertion [Not SOAP Fault] has status VALID
2021-02-01 14:16:42,433 INFO  [SoapUITestCaseRunner] Assertion [Schema Compliance] has status VALID
2021-02-01 14:16:42,433 INFO  [SoapUITestCaseRunner] Assertion [Contains 1] has status VALID
2021-02-01 14:16:42,433 INFO  [SoapUITestCaseRunner] Assertion [Contains 2] has status VALID
2021-02-01 14:16:42,435 INFO  [SoapUITestCaseRunner] Finished running SoapUI testcase [TestCase 1], time taken: 648ms, status: FINISHED
2021-02-01 14:16:42,438 INFO  [SoapUITestCaseRunner] Project [BooksService_gen1] finished with status [FINISHED] in 690ms
2021-02-01 14:16:42,828 WARN  [Tools] Could not delete temporary directory C:\Users\hmisri\AppData\Local\Temp\3dab2ba6-6279-4bcf-a7d2-6bfd76a4601a
2021-02-01 14:16:42,833 WARN  [Tools] Could not delete temporary directory C:\Users\hmisri\AppData\Local\Temp\c75f7a74-1e22-4bd9-b8e7-8ad96c911b8d
